0 info it worked if it ends with ok
1 verbose cli [ '/home/connor/.nvm/versions/node/v5.8.0/bin/node',
1 verbose cli   '/home/connor/.nvm/versions/node/v5.8.0/bin/npm',
1 verbose cli   'run',
1 verbose cli   'tsc:w' ]
2 info using npm@3.7.3
3 info using node@v5.8.0
4 verbose run-script [ 'pretsc:w', 'tsc:w', 'posttsc:w' ]
5 info lifecycle angular2-quickstart@1.0.0~pretsc:w: angular2-quickstart@1.0.0
6 silly lifecycle angular2-quickstart@1.0.0~pretsc:w: no script for pretsc:w, continuing
7 info lifecycle angular2-quickstart@1.0.0~tsc:w: angular2-quickstart@1.0.0
8 verbose lifecycle angular2-quickstart@1.0.0~tsc:w: unsafe-perm in lifecycle true
9 verbose lifecycle angular2-quickstart@1.0.0~tsc:w: PATH: /home/connor/.nvm/versions/node/v5.8.0/lib/node_modules/npm/bin/node-gyp-bin:/home/connor/git/punchbug/Angular.io/angular2-seed/node_modules/.bin:/home/connor/.nvm/versions/node/v5.8.0/bin:/home/connor/.nvm/versions/node/v5.8.0/lib/node_modules/npm/bin/node-gyp-bin:/home/connor/git/punchbug/Angular.io/angular2-seed/node_modules/.bin:/home/connor/.nvm/versions/node/v5.8.0/bin:/home/connor/.pyenv/plugins/pyenv-virtualenv/shims:/home/connor/.pyenv/shims:/home/connor/.pyenv/bin:/home/connor/.rbenv/bin:/home/connor/.nvm/versions/node/v5.8.0/bin:/home/connor/.pyenv/plugins/pyenv-virtualenv/shims:/home/connor/.pyenv/shims:/home/connor/.pyenv/bin:/home/connor/.rbenv/bin:/usr/lib/terraform:/home/connor/.rbenv/shims:/home/connor/.rbenv/bin:/usr/local/sbin:/usr/local/bin:/usr/sbin:/usr/bin:/sbin:/bin:/usr/games:/usr/local/games:/usr/lib/jvm/java-8-oracle/bin:/usr/lib/jvm/java-8-oracle/db/bin:/usr/lib/jvm/java-8-oracle/jre/bin
10 verbose lifecycle angular2-quickstart@1.0.0~tsc:w: CWD: /home/connor/git/punchbug/Angular.io/angular2-seed
11 silly lifecycle angular2-quickstart@1.0.0~tsc:w: Args: [ '-c', 'tsc -w' ]
12 silly lifecycle angular2-quickstart@1.0.0~tsc:w: Returned: code: 1  signal: null
13 info lifecycle angular2-quickstart@1.0.0~tsc:w: Failed to exec tsc:w script
14 verbose stack Error: angular2-quickstart@1.0.0 tsc:w: `tsc -w`
14 verbose stack Exit status 1
14 verbose stack     at EventEmitter.<anonymous> (/home/connor/.nvm/versions/node/v5.8.0/lib/node_modules/npm/lib/utils/lifecycle.js:239:16)
14 verbose stack     at emitTwo (events.js:100:13)
14 verbose stack     at EventEmitter.emit (events.js:185:7)
14 verbose stack     at ChildProcess.<anonymous> (/home/connor/.nvm/versions/node/v5.8.0/lib/node_modules/npm/lib/utils/spawn.js:24:14)
14 verbose stack     at emitTwo (events.js:100:13)
14 verbose stack     at ChildProcess.emit (events.js:185:7)
14 verbose stack     at maybeClose (internal/child_process.js:850:16)
14 verbose stack     at Process.ChildProcess._handle.onexit (internal/child_process.js:215:5)
15 verbose pkgid angular2-quickstart@1.0.0
16 verbose cwd /home/connor/git/punchbug/Angular.io/angular2-seed
17 error Linux 4.4.0-040400rc6-generic
18 error argv "/home/connor/.nvm/versions/node/v5.8.0/bin/node" "/home/connor/.nvm/versions/node/v5.8.0/bin/npm" "run" "tsc:w"
19 error node v5.8.0
20 error npm  v3.7.3
21 error code ELIFECYCLE
22 error angular2-quickstart@1.0.0 tsc:w: `tsc -w`
22 error Exit status 1
23 error Failed at the angular2-quickstart@1.0.0 tsc:w script 'tsc -w'.
23 error Make sure you have the latest version of node.js and npm installed.
23 error If you do, this is most likely a problem with the angular2-quickstart package,
23 error not with npm itself.
23 error Tell the author that this fails on your system:
23 error     tsc -w
23 error You can get information on how to open an issue for this project with:
23 error     npm bugs angular2-quickstart
23 error Or if that isn't available, you can get their info via:
23 error     npm owner ls angular2-quickstart
23 error There is likely additional logging output above.
24 verbose exit [ 1, true ]
